    Finished `release` profile [optimized] target(s) in 0.04s
     Running `/Users/adarsh/Documents/solana-alpenglow/alpenglow-formal/target/release/liveness_verification --responsive-stake 60 --seed 35`
Running liveness verification with 60% responsive stake, seed 35

--- SCENARIO: 60% Responsive Stake ---
Fast Path Threshold: 800 | Slow Path Threshold: 600

T0: Leader 0 proposes block 'B1' for Slot 1.
  T2: Validator 0 NOTARIZED Slot 1. Broadcasting FinalVote. Stake: 600
  T2: Validator 1 NOTARIZED Slot 1. Broadcasting FinalVote. Stake: 600
  T2: Validator 2 NOTARIZED Slot 1. Broadcasting FinalVote. Stake: 600
  T2: Validator 3 NOTARIZED Slot 1. Broadcasting FinalVote. Stake: 600
  T2: Validator 4 NOTARIZED Slot 1. Broadcasting FinalVote. Stake: 600
  T2: Validator 5 NOTARIZED Slot 1. Broadcasting FinalVote. Stake: 600
  T3: Validator 0 FINALIZED Slot 1 via SLOW PATH (2 Rounds). Stake: 600
  T3: Validator 1 FINALIZED Slot 1 via SLOW PATH (2 Rounds). Stake: 600
  T3: Validator 2 FINALIZED Slot 1 via SLOW PATH (2 Rounds). Stake: 600
  T3: Validator 3 FINALIZED Slot 1 via SLOW PATH (2 Rounds). Stake: 600
  T3: Validator 4 FINALIZED Slot 1 via SLOW PATH (2 Rounds). Stake: 600
  T3: Validator 5 FINALIZED Slot 1 via SLOW PATH (2 Rounds). Stake: 600

RESULT: Liveness Success! Slot finalized at T=3.
Liveness Success! Slot finalized at T=3.
