    Finished `release` profile [optimized] target(s) in 0.29s
     Running `/Users/adarsh/Documents/solana-alpenglow/alpenglow-formal/target/release/leader_verification --test-type failure --failure-rate 20 --seed 15`
Running leader verification: failure test, window 10, failure rate 20%, seed 15
--- Testing Failure Handling with 20% failure rate ---
Slot 0: Leader Val-B FAILED
 Validator Val-B: Observed SkipCertificate for slot 0.
🚦 Validator Val-B: The failure is INSIDE the current window (0-9). Setting BadWindow flag to TRUE.
Slot 1: Leader Val-A FAILED
 Validator Val-B: Observed SkipCertificate for slot 1.
Slot 2: Leader Val-A FAILED
 Validator Val-B: Observed SkipCertificate for slot 2.
Slot 3: Leader Val-A FAILED
 Validator Val-B: Observed SkipCertificate for slot 3.
Slot 4: Leader Val-D FAILED
 Validator Val-B: Observed SkipCertificate for slot 4.
Slot 5: Leader Val-C FAILED
 Validator Val-B: Observed SkipCertificate for slot 5.
Slot 6: Leader Val-C FAILED
 Validator Val-B: Observed SkipCertificate for slot 6.
Slot 7: Leader Val-B FAILED
 Validator Val-B: Observed SkipCertificate for slot 7.
Slot 8: Leader Val-B FAILED
 Validator Val-B: Observed SkipCertificate for slot 8.
Slot 9: Leader Val-B FAILED
 Validator Val-B: Observed SkipCertificate for slot 9.
✅ Validator Val-B: Slot 10. The failure at slot 0 is now outside the window. Clearing BadWindow flag.
Slot 10: Leader Val-A FAILED
 Validator Val-B: Observed SkipCertificate for slot 10.
🚦 Validator Val-B: The failure is INSIDE the current window (10-19). Setting BadWindow flag to TRUE.
Slot 11: Leader Val-A FAILED
 Validator Val-B: Observed SkipCertificate for slot 11.
Slot 12: Leader Val-A FAILED
 Validator Val-B: Observed SkipCertificate for slot 12.
Slot 13: Leader Val-D FAILED
 Validator Val-B: Observed SkipCertificate for slot 13.
Slot 14: Leader Val-C FAILED
 Validator Val-B: Observed SkipCertificate for slot 14.
Slot 15: Leader Val-C FAILED
 Validator Val-B: Observed SkipCertificate for slot 15.
Slot 16: Leader Val-B FAILED
 Validator Val-B: Observed SkipCertificate for slot 16.
Slot 17: Leader Val-B FAILED
 Validator Val-B: Observed SkipCertificate for slot 17.
Slot 18: Leader Val-B FAILED
 Validator Val-B: Observed SkipCertificate for slot 18.
Slot 19: Leader Val-A FAILED
 Validator Val-B: Observed SkipCertificate for slot 19.
Failure handling successful
