    Finished `release` profile [optimized] target(s) in 0.04s
     Running `/Users/adarsh/Documents/solana-alpenglow/alpenglow-formal/target/release/leader_verification --test-type failure --failure-rate 10 --seed 15`
Running leader verification: failure test, window 10, failure rate 10%, seed 15
--- Testing Failure Handling with 10% failure rate ---
Slot 0: Leader Val-A FAILED
 Validator Val-A: Observed SkipCertificate for slot 0.
🚦 Validator Val-A: The failure is INSIDE the current window (0-9). Setting BadWindow flag to TRUE.
Slot 1: Leader Val-C FAILED
 Validator Val-A: Observed SkipCertificate for slot 1.
Slot 2: Leader Val-C FAILED
 Validator Val-A: Observed SkipCertificate for slot 2.
Slot 3: Leader Val-B FAILED
 Validator Val-A: Observed SkipCertificate for slot 3.
Slot 4: Leader Val-B FAILED
 Validator Val-A: Observed SkipCertificate for slot 4.
Slot 5: Leader Val-B FAILED
 Validator Val-A: Observed SkipCertificate for slot 5.
Slot 6: Leader Val-A FAILED
 Validator Val-A: Observed SkipCertificate for slot 6.
Slot 7: Leader Val-A FAILED
 Validator Val-A: Observed SkipCertificate for slot 7.
Slot 8: Leader Val-A FAILED
 Validator Val-A: Observed SkipCertificate for slot 8.
Slot 9: Leader Val-A FAILED
 Validator Val-A: Observed SkipCertificate for slot 9.
✅ Validator Val-A: Slot 10. The failure at slot 0 is now outside the window. Clearing BadWindow flag.
Slot 10: Leader Val-D SUCCESS
Slot 11: Leader Val-C SUCCESS
Slot 12: Leader Val-B SUCCESS
Slot 13: Leader Val-B SUCCESS
Slot 14: Leader Val-B SUCCESS
Slot 15: Leader Val-A SUCCESS
Slot 16: Leader Val-A SUCCESS
Slot 17: Leader Val-A SUCCESS
Slot 18: Leader Val-A SUCCESS
Slot 19: Leader Val-D SUCCESS
Failure handling successful
