    Finished `release` profile [optimized] target(s) in 0.11s
     Running `/Users/adarsh/Documents/solana-alpenglow/alpenglow-formal/target/release/leader_verification --test-type window_sliding --seed 13`
Running leader verification: window_sliding test, window 10, failure rate 20%, seed 13
--- Testing Window Sliding ---
Slot 0: BadWindow CLEAR
Slot 1: BadWindow CLEAR
Slot 2: BadWindow CLEAR
Slot 3: BadWindow CLEAR
Slot 4: BadWindow CLEAR
Slot 5: BadWindow CLEAR
Slot 6: BadWindow CLEAR
Slot 7: BadWindow CLEAR
Slot 8: BadWindow CLEAR
Slot 9: BadWindow CLEAR
 Validator TestVal: Observed SkipCertificate for slot 10.
🚦 Validator TestVal: The failure is INSIDE the current window (10-19). Setting BadWindow flag to TRUE.
Slot 10: BadWindow ACTIVE
Slot 11: BadWindow ACTIVE
Slot 12: BadWindow ACTIVE
Slot 13: BadWindow ACTIVE
Slot 14: BadWindow ACTIVE
Slot 15: BadWindow ACTIVE
Slot 16: BadWindow ACTIVE
Slot 17: BadWindow ACTIVE
Slot 18: BadWindow ACTIVE
Slot 19: BadWindow ACTIVE
✅ Validator TestVal: Slot 20. The failure at slot 10 is now outside the window. Clearing BadWindow flag.
Slot 20: BadWindow CLEAR
Slot 21: BadWindow CLEAR
Slot 22: BadWindow CLEAR
Slot 23: BadWindow CLEAR
Slot 24: BadWindow CLEAR
Slot 25: BadWindow CLEAR
Slot 26: BadWindow CLEAR
Slot 27: BadWindow CLEAR
Slot 28: BadWindow CLEAR
Slot 29: BadWindow CLEAR
Window sliding successful
