    Finished `release` profile [optimized] target(s) in 0.04s
     Running `/Users/adarsh/Documents/solana-alpenglow/alpenglow-formal/target/release/leader_verification --test-type window --window-size 10 --seed 7`
Running leader verification: window test, window 10, failure rate 20%, seed 7
--- Testing Window Management with size 10 ---
Slot 0: Leader Val-C - Window active
Slot 1: Leader Val-A - Window active
Slot 2: Leader Val-A - Window active
Slot 3: Leader Val-A - Window active
Slot 4: Leader Val-A - Window active
Slot 5: Leader Val-B - Window active
Slot 6: Leader Val-B - Window active
Slot 7: Leader Val-B - Window active
Slot 8: Leader Val-C - Window active
Slot 9: Leader Val-C - Window active
Slot 10: Leader Val-D - Window expired
Slot 11: Leader Val-A - Window expired
Slot 12: Leader Val-A - Window expired
Slot 13: Leader Val-A - Window expired
Slot 14: Leader Val-B - Window expired
Window management successful
