    Finished `release` profile [optimized] target(s) in 0.04s
     Running `/Users/adarsh/Documents/solana-alpenglow/alpenglow-formal/target/release/leader_verification --test-type window --window-size 15 --seed 16`
Running leader verification: window test, window 15, failure rate 20%, seed 16
--- Testing Window Management with size 15 ---
Slot 0: Leader Val-C - Window active
Slot 1: Leader Val-A - Window active
Slot 2: Leader Val-A - Window active
Slot 3: Leader Val-A - Window active
Slot 4: Leader Val-D - Window active
Slot 5: Leader Val-B - Window active
Slot 6: Leader Val-B - Window active
Slot 7: Leader Val-B - Window active
Slot 8: Leader Val-C - Window active
Slot 9: Leader Val-C - Window active
Slot 10: Leader Val-A - Window active
Slot 11: Leader Val-A - Window active
Slot 12: Leader Val-A - Window active
Slot 13: Leader Val-D - Window active
Slot 14: Leader Val-B - Window active
Slot 15: Leader Val-B - Window expired
Slot 16: Leader Val-B - Window expired
Slot 17: Leader Val-C - Window expired
Slot 18: Leader Val-C - Window expired
Slot 19: Leader Val-A - Window expired
Window management successful
