    Finished `release` profile [optimized] target(s) in 0.13s
     Running `/Users/adarsh/Documents/solana-alpenglow/alpenglow-formal/target/release/leader_verification --test-type window --window-size 20 --seed 3`
Running leader verification: window test, window 20, failure rate 20%, seed 3
--- Testing Window Management with size 20 ---
Slot 0: Leader Val-B - Window active
Slot 1: Leader Val-A - Window active
Slot 2: Leader Val-A - Window active
Slot 3: Leader Val-A - Window active
Slot 4: Leader Val-C - Window active
Slot 5: Leader Val-C - Window active
Slot 6: Leader Val-D - Window active
Slot 7: Leader Val-B - Window active
Slot 8: Leader Val-B - Window active
Slot 9: Leader Val-B - Window active
Slot 10: Leader Val-A - Window active
Slot 11: Leader Val-A - Window active
Slot 12: Leader Val-A - Window active
Slot 13: Leader Val-C - Window active
Slot 14: Leader Val-C - Window active
Slot 15: Leader Val-D - Window active
Slot 16: Leader Val-B - Window active
Slot 17: Leader Val-B - Window active
Slot 18: Leader Val-B - Window active
Slot 19: Leader Val-A - Window active
Slot 20: Leader Val-A - Window expired
Slot 21: Leader Val-A - Window expired
Slot 22: Leader Val-A - Window expired
Slot 23: Leader Val-C - Window expired
Slot 24: Leader Val-D - Window expired
Window management successful
